<?xml version="1.0" encoding="UTF-8"?>
<!-- Generated by org.testng.reporters.JUnitXMLReporter -->
<testsuite hostname="Heba" name="Default test(failed)" tests="9" failures="8" timestamp="6 May 2015 15:49:22 GMT" time="0.166" errors="0">
  <testcase name="canSeeSharedPost" time="0.01" classname="com.FCI.SWE.ModelServices.com.FCI.SWE.ModelServices.CustomPrivacyTest">
    <failure type="java.lang.RuntimeException" message="Test not implemented">
      <![CDATA[java.lang.RuntimeException: Test not implemented
	at com.FCI.SWE.ModelServices.com.FCI.SWE.ModelServices.CustomPrivacyTest.canSeeSharedPost(CustomPrivacyTest.java:51)
... Removed 24 stack frames]]>
    </failure>
  </testcase> <!-- canSeeSharedPost -->
  <testcase name="canSeePagePost" time="0.0" classname="com.FCI.SWE.ModelServices.com.FCI.SWE.ModelServices.CustomPrivacyTest">
    <failure type="java.lang.RuntimeException" message="Test not implemented">
      <![CDATA[java.lang.RuntimeException: Test not implemented
	at com.FCI.SWE.ModelServices.com.FCI.SWE.ModelServices.CustomPrivacyTest.canSeePagePost(CustomPrivacyTest.java:46)
... Removed 24 stack frames]]>
    </failure>
  </testcase> <!-- canSeePagePost -->
  <testcase name="canSeeFriendPost" time="0.0" classname="com.FCI.SWE.ModelServices.com.FCI.SWE.ModelServices.CustomPrivacyTest">
    <failure type="java.lang.RuntimeException" message="Test not implemented">
      <![CDATA[java.lang.RuntimeException: Test not implemented
	at com.FCI.SWE.ModelServices.com.FCI.SWE.ModelServices.CustomPrivacyTest.canSeeFriendPost(CustomPrivacyTest.java:41)
... Removed 24 stack frames]]>
    </failure>
  </testcase> <!-- canSeeFriendPost -->
  <testcase name="canSeeUserPost" time="0.009" classname="com.FCI.SWE.ModelServices.com.FCI.SWE.ModelServices.CustomPrivacyTest">
    <skipped/>
  </testcase> <!-- canSeeUserPost -->
  <testcase name="isInCustom" time="0.119" classname="com.FCI.SWE.ModelServices.com.FCI.SWE.ModelServices.CustomPrivacyTest">
    <failure type="java.lang.NullPointerException" message="No API environment is registered for this thread.">
      <![CDATA[java.lang.NullPointerException: No API environment is registered for this thread.
	at com.google.appengine.api.datastore.DatastoreApiHelper.getCurrentAppId(DatastoreApiHelper.java:117)
	at com.google.appengine.api.datastore.DatastoreApiHelper.getCurrentAppIdNamespace(DatastoreApiHelper.java:133)
	at com.google.appengine.api.datastore.Query.<init>(Query.java:211)
	at com.google.appengine.api.datastore.Query.<init>(Query.java:142)
	at com.FCI.SWE.ModelServices.CustomPrivacy.isInCustom(CustomPrivacy.java:134)
	at com.FCI.SWE.ModelServices.com.FCI.SWE.ModelServices.CustomPrivacyTest.isInCustom(CustomPrivacyTest.java:65)
... Removed 24 stack frames]]>
    </failure>
  </testcase> <!-- isInCustom -->
  <testcase name="isInCustom" time="0.001" classname="com.FCI.SWE.ModelServices.com.FCI.SWE.ModelServices.CustomPrivacyTest">
    <failure type="java.lang.NullPointerException" message="No API environment is registered for this thread.">
      <![CDATA[java.lang.NullPointerException: No API environment is registered for this thread.
	at com.google.appengine.api.datastore.DatastoreApiHelper.getCurrentAppId(DatastoreApiHelper.java:117)
	at com.google.appengine.api.datastore.DatastoreApiHelper.getCurrentAppIdNamespace(DatastoreApiHelper.java:133)
	at com.google.appengine.api.datastore.Query.<init>(Query.java:211)
	at com.google.appengine.api.datastore.Query.<init>(Query.java:142)
	at com.FCI.SWE.ModelServices.CustomPrivacy.isInCustom(CustomPrivacy.java:134)
	at com.FCI.SWE.ModelServices.com.FCI.SWE.ModelServices.CustomPrivacyTest.isInCustom(CustomPrivacyTest.java:65)
... Removed 24 stack frames]]>
    </failure>
  </testcase> <!-- isInCustom -->
  <testcase name="isInCustom" time="0.0" classname="com.FCI.SWE.ModelServices.com.FCI.SWE.ModelServices.CustomPrivacyTest">
    <failure type="java.lang.NullPointerException" message="No API environment is registered for this thread.">
      <![CDATA[java.lang.NullPointerException: No API environment is registered for this thread.
	at com.google.appengine.api.datastore.DatastoreApiHelper.getCurrentAppId(DatastoreApiHelper.java:117)
	at com.google.appengine.api.datastore.DatastoreApiHelper.getCurrentAppIdNamespace(DatastoreApiHelper.java:133)
	at com.google.appengine.api.datastore.Query.<init>(Query.java:211)
	at com.google.appengine.api.datastore.Query.<init>(Query.java:142)
	at com.FCI.SWE.ModelServices.CustomPrivacy.isInCustom(CustomPrivacy.java:134)
	at com.FCI.SWE.ModelServices.com.FCI.SWE.ModelServices.CustomPrivacyTest.isInCustom(CustomPrivacyTest.java:65)
... Removed 24 stack frames]]>
    </failure>
  </testcase> <!-- isInCustom -->
  <testcase name="isInCustom" time="0.001" classname="com.FCI.SWE.ModelServices.com.FCI.SWE.ModelServices.CustomPrivacyTest">
    <failure type="java.lang.NullPointerException" message="No API environment is registered for this thread.">
      <![CDATA[java.lang.NullPointerException: No API environment is registered for this thread.
	at com.google.appengine.api.datastore.DatastoreApiHelper.getCurrentAppId(DatastoreApiHelper.java:117)
	at com.google.appengine.api.datastore.DatastoreApiHelper.getCurrentAppIdNamespace(DatastoreApiHelper.java:133)
	at com.google.appengine.api.datastore.Query.<init>(Query.java:211)
	at com.google.appengine.api.datastore.Query.<init>(Query.java:142)
	at com.FCI.SWE.ModelServices.CustomPrivacy.isInCustom(CustomPrivacy.java:134)
	at com.FCI.SWE.ModelServices.com.FCI.SWE.ModelServices.CustomPrivacyTest.isInCustom(CustomPrivacyTest.java:65)
... Removed 24 stack frames]]>
    </failure>
  </testcase> <!-- isInCustom -->
  <testcase name="isInCustom" time="0.0" classname="com.FCI.SWE.ModelServices.com.FCI.SWE.ModelServices.CustomPrivacyTest">
    <failure type="java.lang.NullPointerException" message="No API environment is registered for this thread.">
      <![CDATA[java.lang.NullPointerException: No API environment is registered for this thread.
	at com.google.appengine.api.datastore.DatastoreApiHelper.getCurrentAppId(DatastoreApiHelper.java:117)
	at com.google.appengine.api.datastore.DatastoreApiHelper.getCurrentAppIdNamespace(DatastoreApiHelper.java:133)
	at com.google.appengine.api.datastore.Query.<init>(Query.java:211)
	at com.google.appengine.api.datastore.Query.<init>(Query.java:142)
	at com.FCI.SWE.ModelServices.CustomPrivacy.isInCustom(CustomPrivacy.java:134)
	at com.FCI.SWE.ModelServices.com.FCI.SWE.ModelServices.CustomPrivacyTest.isInCustom(CustomPrivacyTest.java:65)
... Removed 24 stack frames]]>
    </failure>
  </testcase> <!-- isInCustom -->
</testsuite> <!-- Default test(failed) -->
